<?xml version="1.0" encoding="UTF-8"?>
<!-- Generated by org.testng.reporters.JUnitReportReporter -->
<testsuite skipped="0" hostname="SHubh_chitranSH" name="com.flipkart.loginTest.LoginTest" tests="1" failures="0" timestamp="2021-01-30T14:44:16 IST" time="9.514" errors="0">
  <testcase name="loginWindowLogoTest" time="9.514" classname="com.flipkart.loginTest.LoginTest"/>
  <system-out/>
</testsuite> <!-- com.flipkart.loginTest.LoginTest -->
