<?xml version="1.0" encoding="UTF-8"?>
<!-- Generated by org.testng.reporters.JUnitReportReporter -->
<testsuite skipped="0" hostname="SHubh_chitranSH" name="com.flipkart.loginTest.LoginPageTest" tests="3" failures="0" timestamp="2021-01-30T15:51:34 IST" time="81.563" errors="0">
  <testcase name="loginTest" time="16.842" classname="com.flipkart.loginTest.LoginPageTest"/>
  <system-out/>
  <testcase name="loginWindowLogoTest" time="13.642" classname="com.flipkart.loginTest.LoginPageTest"/>
  <system-out/>
  <testcase name="cancelLoginTest" time="51.079" classname="com.flipkart.loginTest.LoginPageTest"/>
  <system-out/>
</testsuite> <!-- com.flipkart.loginTest.LoginPageTest -->
